0 info it worked if it ends with ok
1 verbose cli [ '/usr/bin/node', '/usr/bin/npm', 'publish' ]
2 info using npm@3.5.0
3 info using node@v5.1.0
4 verbose publish [ '.' ]
5 silly cache add args [ '.', null ]
6 verbose cache add spec .
7 silly cache add parsed spec Result {
7 silly cache add   raw: '.',
7 silly cache add   scope: null,
7 silly cache add   name: null,
7 silly cache add   rawSpec: '.',
7 silly cache add   spec: '/home/ineentho/dev/best-digitalocean-server',
7 silly cache add   type: 'directory' }
8 verbose addLocalDirectory /home/ineentho/.npm/best-digitalocean-server/1.0.0/package.tgz not in flight; packing
9 info lifecycle best-digitalocean-server@1.0.0~prepublish: best-digitalocean-server@1.0.0
10 silly lifecycle best-digitalocean-server@1.0.0~prepublish: no script for prepublish, continuing
11 verbose tar pack [ '/home/ineentho/.npm/best-digitalocean-server/1.0.0/package.tgz',
11 verbose tar pack   '/home/ineentho/dev/best-digitalocean-server' ]
12 verbose tarball /home/ineentho/.npm/best-digitalocean-server/1.0.0/package.tgz
13 verbose folder /home/ineentho/dev/best-digitalocean-server
14 verbose addLocalTarball adding from inside cache /home/ineentho/.npm/best-digitalocean-server/1.0.0/package.tgz
15 silly cache afterAdd best-digitalocean-server@1.0.0
16 verbose afterAdd /home/ineentho/.npm/best-digitalocean-server/1.0.0/package/package.json not in flight; writing
17 verbose afterAdd /home/ineentho/.npm/best-digitalocean-server/1.0.0/package/package.json written
18 silly publish { name: 'best-digitalocean-server',
18 silly publish   version: '1.0.0',
18 silly publish   description: 'Find the best digital ocean server',
18 silly publish   main: 'app.js',
18 silly publish   bin: { 'best-digitalocean-server': './app.js' },
18 silly publish   scripts: { test: 'echo "Error: no test specified" && exit 1' },
18 silly publish   author: { name: 'Henrik Karlsson' },
18 silly publish   repository:
18 silly publish    { type: 'git',
18 silly publish      url: 'git+https://github.com/ineentho/best-digitalocean-server.git' },
18 silly publish   license: 'ISC',
18 silly publish   dependencies: { bluebird: '^3.0.6', co: '^4.6.0', 'net-ping': '^1.1.12' },
18 silly publish   gitHead: 'e21e4c935a8617ae1d3cfcc9df0f498a4b9f79aa',
18 silly publish   bugs: { url: 'https://github.com/ineentho/best-digitalocean-server/issues' },
18 silly publish   readme: 'ERROR: No README data found!',
18 silly publish   homepage: 'https://github.com/ineentho/best-digitalocean-server#readme',
18 silly publish   _id: 'best-digitalocean-server@1.0.0',
18 silly publish   _shasum: '0e2205b4538cbb73276a0df5c1a93744283ce4d1',
18 silly publish   _from: '.' }
19 verbose getPublishConfig undefined
20 silly mapToRegistry name best-digitalocean-server
21 silly mapToRegistry using default registry
22 silly mapToRegistry registry https://registry.npmjs.org/
23 silly mapToRegistry uri https://registry.npmjs.org/best-digitalocean-server
24 verbose publish registryBase https://registry.npmjs.org/
25 silly publish uploading /home/ineentho/.npm/best-digitalocean-server/1.0.0/package.tgz
26 verbose request uri https://registry.npmjs.org/best-digitalocean-server
27 verbose request sending authorization for write operation
28 info attempt registry request try #1 at 9:33:59 AM
29 verbose request using bearer token for auth
30 verbose request id 15566b832794fd77
31 http request PUT https://registry.npmjs.org/best-digitalocean-server
32 http 403 https://registry.npmjs.org/best-digitalocean-server
33 verbose headers { 'content-type': 'application/json',
33 verbose headers   'cache-control': 'max-age=60',
33 verbose headers   'content-length': '95',
33 verbose headers   'accept-ranges': 'bytes',
33 verbose headers   date: 'Fri, 04 Dec 2015 08:33:58 GMT',
33 verbose headers   via: '1.1 varnish',
33 verbose headers   connection: 'keep-alive',
33 verbose headers   'x-served-by': 'cache-fra1225-FRA',
33 verbose headers   'x-cache': 'MISS',
33 verbose headers   'x-cache-hits': '0',
33 verbose headers   'x-timer': 'S1449218037.007266,VS0,VE1046' }
34 verbose request invalidating /home/ineentho/.npm/registry.npmjs.org/best-digitalocean-server on PUT
35 error publish Failed PUT 403
36 verbose stack Error: "You cannot publish over the previously published version 1.0.0." : best-digitalocean-server
36 verbose stack     at makeError (/usr/lib/node_modules/npm/node_modules/npm-registry-client/lib/request.js:264:12)
36 verbose stack     at CachingRegistryClient.<anonymous> (/usr/lib/node_modules/npm/node_modules/npm-registry-client/lib/request.js:252:14)
36 verbose stack     at Request._callback (/usr/lib/node_modules/npm/node_modules/npm-registry-client/lib/request.js:172:14)
36 verbose stack     at Request.self.callback (/usr/lib/node_modules/npm/node_modules/request/request.js:198:22)
36 verbose stack     at emitTwo (events.js:87:13)
36 verbose stack     at Request.emit (events.js:172:7)
36 verbose stack     at Request.<anonymous> (/usr/lib/node_modules/npm/node_modules/request/request.js:1082:10)
36 verbose stack     at emitOne (events.js:82:20)
36 verbose stack     at Request.emit (events.js:169:7)
36 verbose stack     at IncomingMessage.<anonymous> (/usr/lib/node_modules/npm/node_modules/request/request.js:1009:12)
37 verbose statusCode 403
38 verbose pkgid best-digitalocean-server
39 verbose cwd /home/ineentho/dev/best-digitalocean-server
40 error Linux 4.2.5-1-ARCH
41 error argv "/usr/bin/node" "/usr/bin/npm" "publish"
42 error node v5.1.0
43 error npm  v3.5.0
44 error code E403
45 error "You cannot publish over the previously published version 1.0.0." : best-digitalocean-server
46 error If you need help, you may report this error at:
46 error     <https://github.com/npm/npm/issues>
47 verbose exit [ 1, true ]
